\BOOKMARK [1][-]{section.1}{High-Level Description of Project}{}% 1
\BOOKMARK [2][-]{subsection.1.1}{Motivation}{section.1}% 2
\BOOKMARK [2][-]{subsection.1.2}{Project Objective}{section.1}% 3
\BOOKMARK [2][-]{subsection.1.3}{Block Diagram}{section.1}% 4
\BOOKMARK [3][-]{subsubsection.1.3.1}{Description of System}{subsection.1.3}% 5
\BOOKMARK [3][-]{subsubsection.1.3.2}{Designing and Not Designing Components}{subsection.1.3}% 6
\BOOKMARK [1][-]{section.2}{Project Specifications}{}% 7
\BOOKMARK [2][-]{subsection.2.1}{Functional Specifications}{section.2}% 8
\BOOKMARK [2][-]{subsection.2.2}{Non-Functional Specifications}{section.2}% 9
\BOOKMARK [1][-]{section.3}{Risk Assessment}{}% 10
\BOOKMARK [1][-]{section.4}{Detailed Design}{}% 11
\BOOKMARK [2][-]{subsection.4.1}{Mechanical Design}{section.4}% 12
\BOOKMARK [3][-]{subsubsection.4.1.1}{Material}{subsection.4.1}% 13
\BOOKMARK [3][-]{subsubsection.4.1.2}{Tank Structure}{subsection.4.1}% 14
\BOOKMARK [2][-]{subsection.4.2}{Electrical System}{section.4}% 15
\BOOKMARK [3][-]{subsubsection.4.2.1}{Heating and Cooling Controller}{subsection.4.2}% 16
\BOOKMARK [3][-]{subsubsection.4.2.2}{Motor Controller}{subsection.4.2}% 17
\BOOKMARK [3][-]{subsubsection.4.2.3}{Timing Actuators}{subsection.4.2}% 18
\BOOKMARK [2][-]{subsection.4.3}{Computer System}{section.4}% 19
\BOOKMARK [3][-]{subsubsection.4.3.1}{Embedded Computer}{subsection.4.3}% 20
\BOOKMARK [3][-]{subsubsection.4.3.2}{Sensors and Micro-Controllers}{subsection.4.3}% 21
\BOOKMARK [3][-]{subsubsection.4.3.3}{Web Server and Database}{subsection.4.3}% 22
\BOOKMARK [2][-]{subsection.4.4}{Mobile Application}{section.4}% 23
\BOOKMARK [3][-]{subsubsection.4.4.1}{Real Time Data Analysis}{subsection.4.4}% 24
\BOOKMARK [3][-]{subsubsection.4.4.2}{Input Controls and Interaction}{subsection.4.4}% 25
\BOOKMARK [1][-]{section.5}{Discussion and Project Timeline}{}% 26
\BOOKMARK [2][-]{subsection.5.1}{Evaluation of Final Design}{section.5}% 27
\BOOKMARK [2][-]{subsection.5.2}{Use of Advanced Knowledge}{section.5}% 28
\BOOKMARK [2][-]{subsection.5.3}{Creativity, Novelty, Elegance}{section.5}% 29
\BOOKMARK [2][-]{subsection.5.4}{Student Hours}{section.5}% 30
\BOOKMARK [2][-]{subsection.5.5}{Potential Safety Hazards}{section.5}% 31
\BOOKMARK [2][-]{subsection.5.6}{Project Timeline}{section.5}% 32
\BOOKMARK [1][-]{section*.2}{Acronyms}{}% 33
\BOOKMARK [1][-]{section*.4}{Beer Terminology}{}% 34
\BOOKMARK [1][-]{section*.6}{Technical Terminology}{}% 35
