\BOOKMARK [1][-]{section.1}{High-Level Description of Project}{}% 1
\BOOKMARK [2][-]{subsection.1.1}{Motivation}{section.1}% 2
\BOOKMARK [2][-]{subsection.1.2}{Project Objective}{section.1}% 3
\BOOKMARK [2][-]{subsection.1.3}{Block Diagram}{section.1}% 4
\BOOKMARK [3][-]{subsubsection.1.3.1}{Description of System}{subsection.1.3}% 5
\BOOKMARK [3][-]{subsubsection.1.3.2}{Designing and Not Designing Components}{subsection.1.3}% 6
\BOOKMARK [1][-]{section.2}{Project Specifications}{}% 7
\BOOKMARK [2][-]{subsection.2.1}{Functional Specifications}{section.2}% 8
\BOOKMARK [2][-]{subsection.2.2}{Non-Functional Specifications}{section.2}% 9
\BOOKMARK [1][-]{section.3}{Detailed Design}{}% 10
\BOOKMARK [2][-]{subsection.3.1}{Mechanical Design}{section.3}% 11
\BOOKMARK [3][-]{subsubsection.3.1.1}{Material}{subsection.3.1}% 12
\BOOKMARK [3][-]{subsubsection.3.1.2}{Tank Structure}{subsection.3.1}% 13
\BOOKMARK [2][-]{subsection.3.2}{Electrical System}{section.3}% 14
\BOOKMARK [3][-]{subsubsection.3.2.1}{Controller Designs}{subsection.3.2}% 15
\BOOKMARK [3][-]{subsubsection.3.2.2}{Power Electronics Design}{subsection.3.2}% 16
\BOOKMARK [2][-]{subsection.3.3}{Computer System}{section.3}% 17
\BOOKMARK [3][-]{subsubsection.3.3.1}{Embedded Computer}{subsection.3.3}% 18
\BOOKMARK [3][-]{subsubsection.3.3.2}{Sensors and Microcontrollers}{subsection.3.3}% 19
\BOOKMARK [3][-]{subsubsection.3.3.3}{Web Server and Database}{subsection.3.3}% 20
\BOOKMARK [2][-]{subsection.3.4}{Mobile Application}{section.3}% 21
\BOOKMARK [3][-]{subsubsection.3.4.1}{Real Time Data}{subsection.3.4}% 22
\BOOKMARK [3][-]{subsubsection.3.4.2}{Input Controls and Interaction}{subsection.3.4}% 23
\BOOKMARK [1][-]{section.4}{Discussion and Project Timeline}{}% 24
\BOOKMARK [2][-]{subsection.4.1}{Evaluation of Final Design}{section.4}% 25
\BOOKMARK [2][-]{subsection.4.2}{Use of Advanced Knowledge}{section.4}% 26
\BOOKMARK [2][-]{subsection.4.3}{Creativity, Novelty, Elegance}{section.4}% 27
\BOOKMARK [2][-]{subsection.4.4}{Student Hours}{section.4}% 28
\BOOKMARK [2][-]{subsection.4.5}{Potential Safety Hazards}{section.4}% 29
\BOOKMARK [2][-]{subsection.4.6}{Project Time-Line}{section.4}% 30
\BOOKMARK [1][-]{appendix.A}{Appendix}{}% 31
